<?xml version="1.0" encoding="UTF-8"?>
<testsuite name="CalculatorTest" tests="1" skipped="0" failures="0" errors="0" timestamp="2020-02-25T13:23:45" hostname="umuzi" time="10.102">
  <properties/>
  <testcase name="MultiplyAll" classname="CalculatorTest" time="10.102"/>
  <system-out><![CDATA[]]></system-out>
  <system-err><![CDATA[]]></system-err>
</testsuite>
